[
  <<|java+class:///org/junit/experimental/max/CouldNotReadCoreException|,|java+class:///java/lang/Exception|>,|project://junit-4.10/src/org/junit/experimental/max/CouldNotReadCoreException.java|(287,9,<13,2>,<13,11>)>,
  <<|java+class:///org/junit/runners/Suite|,|java+class:///org/junit/runners/ParentRunner|>,|project://junit-4.10/src/org/junit/runners/Suite.java|(3989,13,<112,2>,<112,15>)>,
  <<|java+class:///org/junit/runners/Parameterized|,|java+class:///org/junit/runners/Suite|>,|project://junit-4.10/src/org/junit/runners/Parameterized.java|(3618,46,<134,2>,<134,48>)>,
  <<|java+class:///junit/extensions/ActiveTestSuite|,|java+class:///junit/framework/TestSuite|>,|project://junit-4.10/src/junit/extensions/ActiveTestSuite.java|(696,22,<29,2>,<29,24>)>,
  <<|java+class:///junit/extensions/ActiveTestSuite|,|java+class:///junit/framework/TestSuite|>,|project://junit-4.10/src/junit/extensions/ActiveTestSuite.java|(600,13,<25,2>,<25,15>)>,
  <<|java+class:///junit/extensions/ActiveTestSuite|,|java+class:///junit/framework/TestSuite|>,|project://junit-4.10/src/junit/extensions/ActiveTestSuite.java|(537,16,<21,2>,<21,18>)>,
  <<|java+class:///org/junit/internal/runners/SuiteMethod|,|java+class:///org/junit/internal/runners/JUnit38ClassRunner|>,|project://junit-4.10/src/org/junit/internal/runners/SuiteMethod.java|(607,34,<23,2>,<23,36>)>,
  <<|java+class:///junit/extensions/RepeatedTest|,|java+class:///junit/extensions/TestDecorator|>,|project://junit-4.10/src/junit/extensions/RepeatedTest.java|(274,12,<14,2>,<14,14>)>,
  <<|java+class:///org/junit/internal/runners/JUnit38ClassRunner|,|java+class:///org/junit/runner/Runner|>,|project://junit-4.10/src/org/junit/internal/runners/JUnit38ClassRunner.java|(2182,8,<75,2>,<75,10>)>,
  <<|java+class:///org/junit/runners/Parameterized/TestClassRunnerForParameters|,|java+class:///org/junit/runners/BlockJUnit4ClassRunner|>,|project://junit-4.10/src/org/junit/runners/Parameterized.java|(2264,12,<79,3>,<79,15>)>,
  <<|java+class:///org/junit/runners/BlockJUnit4ClassRunner|,|java+class:///org/junit/runners/ParentRunner|>,|project://junit-4.10/src/org/junit/runners/BlockJUnit4ClassRunner.java|(2151,13,<55,2>,<55,15>)>,
  <<|java+class:///org/junit/internal/runners/model/MultipleFailureException|,|java+class:///org/junit/runners/model/MultipleFailureException|>,|project://junit-4.10/src/org/junit/internal/runners/model/MultipleFailureException.java|(287,14,<10,2>,<10,16>)>,
  <<|java+class:///junit/framework/ComparisonFailure|,|java+class:///junit/framework/AssertionFailedError|>,|project://junit-4.10/src/junit/framework/ComparisonFailure.java|(639,16,<22,2>,<22,18>)>,
  <<|java+class:///junit/extensions/TestSetup|,|java+class:///junit/extensions/TestDecorator|>,|project://junit-4.10/src/junit/extensions/TestSetup.java|(409,12,<15,2>,<15,14>)>,
  <<|java+class:///org/junit/experimental/categories/Categories|,|java+class:///org/junit/runners/Suite|>,|project://junit-4.10/src/org/junit/experimental/categories/Categories.java|(4080,22,<149,2>,<149,24>)>,
  <<|java+class:///org/junit/experimental/theories/Theories|,|java+class:///org/junit/runners/BlockJUnit4ClassRunner|>,|project://junit-4.10/src/org/junit/experimental/theories/Theories.java|(887,13,<25,2>,<25,15>)>,
  <<|java+class:///org/junit/ComparisonFailure|,|java+class:///java/lang/AssertionError|>,|project://junit-4.10/src/org/junit/ComparisonFailure.java|(958,16,<28,2>,<28,18>)>,
  <<|java+class:///org/junit/runners/AllTests|,|java+class:///org/junit/internal/runners/SuiteMethod|>,|project://junit-4.10/src/org/junit/runners/AllTests.java|(551,13,<22,2>,<22,15>)>,
  <<|java+class:///org/junit/internal/matchers/StringContains|,|java+class:///org/junit/internal/matchers/SubstringMatcher|>,|project://junit-4.10/src/org/junit/internal/matchers/StringContains.java|(323,17,<13,8>,<13,25>)>,
  <<|java+class:///junit/framework/AssertionFailedError|,|java+class:///java/lang/AssertionError|>,|project://junit-4.10/src/junit/framework/AssertionFailedError.java|(266,30,<14,2>,<14,32>)>,
  <<|java+class:///org/junit/internal/AssumptionViolatedException|,|java+class:///java/lang/RuntimeException|>,|project://junit-4.10/src/org/junit/internal/AssumptionViolatedException.java|(453,61,<16,2>,<16,63>)>,
  <<|java+class:///org/junit/experimental/runners/Enclosed|,|java+class:///org/junit/runners/Suite|>,|project://junit-4.10/src/org/junit/experimental/runners/Enclosed.java|(879,42,<29,2>,<29,44>)>,
  <<|java+class:///org/junit/runners/JUnit4|,|java+class:///org/junit/runners/BlockJUnit4ClassRunner|>,|project://junit-4.10/src/org/junit/runners/JUnit4.java|(824,13,<20,2>,<20,15>)>,
  <<|java+class:///org/junit/experimental/theories/internal/ParameterizedAssertionError|,|java+class:///java/lang/RuntimeException|>,|project://junit-4.10/src/org/junit/experimental/theories/internal/ParameterizedAssertionError.java|(372,84,<16,2>,<17,21>)>
]